<?xml version="1.0" encoding="UTF-8"?>
<testng-results skipped="0" failed="0" ignored="0" total="1" passed="1">
  <reporter-output>
  </reporter-output>
  <suite name="Surefire suite" duration-ms="114" started-at="2021-08-17T23:14:32 IST" finished-at="2021-08-17T23:14:32 IST">
    <groups>
    </groups>
    <test name="Surefire test" duration-ms="114" started-at="2021-08-17T23:14:32 IST" finished-at="2021-08-17T23:14:32 IST">
      <class name="AcademyHaru.HaruE2EProject.AppTest">
        <test-method status="PASS" signature="shouldAnswerWithTrue()" name="shouldAnswerWithTrue" duration-ms="20" started-at="2021-08-17T23:14:32 IST" finished-at="2021-08-17T23:14:32 IST">
          <reporter-output>
          </reporter-output>
        </test-method> <!-- shouldAnswerWithTrue -->
      </class> <!-- AcademyHaru.HaruE2EProject.AppTest -->
    </test> <!-- Surefire test -->
  </suite> <!-- Surefire suite -->
</testng-results>
