<?xml version="1.0" encoding="UTF-8"?>
<testng-results skipped="0" failed="0" ignored="0" total="2" passed="2">
  <reporter-output>
  </reporter-output>
  <suite name="Surefire suite" duration-ms="15575" started-at="2021-08-17T23:14:16 IST" finished-at="2021-08-17T23:14:32 IST">
    <groups>
    </groups>
    <test name="Surefire test" duration-ms="15575" started-at="2021-08-17T23:14:16 IST" finished-at="2021-08-17T23:14:32 IST">
      <class name="AcademyHaru.HaruE2EProject.HomePageTest">
        <test-method status="PASS" signature="basePageNavigation(java.lang.String,java.lang.String)[pri:0, instance:AcademyHaru.HaruE2EProject.HomePageTest@64bf3bbf]" name="basePageNavigation" duration-ms="9692" started-at="2021-08-17T23:14:17 IST" data-provider="getData" finished-at="2021-08-17T23:14:26 IST">
          <params>
            <param index="0">
              <value>
                <![CDATA[haru@gmail.com]]>
              </value>
            </param>
            <param index="1">
              <value>
                <![CDATA[password]]>
              </value>
            </param>
          </params>
          <reporter-output>
          </reporter-output>
        </test-method> <!-- basePageNavigation -->
        <test-method status="PASS" signature="basePageNavigation(java.lang.String,java.lang.String)[pri:0, instance:AcademyHaru.HaruE2EProject.HomePageTest@64bf3bbf]" name="basePageNavigation" duration-ms="5793" started-at="2021-08-17T23:14:26 IST" data-provider="getData" finished-at="2021-08-17T23:14:32 IST">
          <params>
            <param index="0">
              <value>
                <![CDATA[bhupi@gmail.com]]>
              </value>
            </param>
            <param index="1">
              <value>
                <![CDATA[bhupi]]>
              </value>
            </param>
          </params>
          <reporter-output>
          </reporter-output>
        </test-method> <!-- basePageNavigation -->
      </class> <!-- AcademyHaru.HaruE2EProject.HomePageTest -->
    </test> <!-- Surefire test -->
  </suite> <!-- Surefire suite -->
</testng-results>
