<?xml version="1.0" encoding="UTF-8"?>
<testng-results ignored="0" total="1" passed="1" failed="0" skipped="0">
  <reporter-output>
  </reporter-output>
  <suite started-at="2021-08-13T20:04:29 IST" name="Default suite" finished-at="2021-08-13T20:04:36 IST" duration-ms="7097">
    <groups>
    </groups>
    <test started-at="2021-08-13T20:04:29 IST" name="Default test" finished-at="2021-08-13T20:04:36 IST" duration-ms="7097">
      <class name="AcademyHaru.HaruE2EProject.ValidateTitle">
        <test-method signature="basePageNavigation()[pri:0, instance:AcademyHaru.HaruE2EProject.ValidateTitle@55b53d44]" started-at="2021-08-13T20:04:29 IST" name="basePageNavigation" finished-at="2021-08-13T20:04:36 IST" duration-ms="7053" status="PASS">
          <reporter-output>
          </reporter-output>
        </test-method> <!-- basePageNavigation -->
      </class> <!-- AcademyHaru.HaruE2EProject.ValidateTitle -->
    </test> <!-- Default test -->
  </suite> <!-- Default suite -->
</testng-results>
